# JRE version: OpenJDK Runtime Environment Temurin-21.0.10+7 (21.0.10+7) (build 21.0.10+7-LTS)
# Java VM: OpenJDK 64-Bit Server VM Temurin-21.0.10+7 (21.0.10+7-LTS, mixed mode, sharing, tiered, compressed oops, compressed class ptrs, g1 gc, windows-amd64)
GC Precious Log:
 CardTable entry size: 512
 Card Set container configuration: InlinePtr #cards 5 size 8 Array Of Cards #cards 12 size 40 Howl #buckets 4 coarsen threshold 1843 Howl Bitmap #cards 512 size 80 coarsen threshold 460 Card regions per heap region 1 cards per card region 2048
 CPUs: 8 total, 8 available
 Memory: 7928M
 Large Page Support: Disabled
 NUMA Support: Disabled
 Compressed Oops: Enabled (32-bit)
 Heap Region Size: 1M
 Heap Min Capacity: 8M
 Heap Initial Capacity: 124M
 Heap Max Capacity: 2G
 Pre-touch: Disabled
 Parallel Workers: 8
 Concurrent Workers: 2
 Concurrent Refinement Workers: 8
 Periodic GC: Disabled
Heap:
 garbage-first heap   total 106496K, used 91788K [0x0000000080000000, 0x0000000100000000)
  region size 1024K, 32 young (32768K), 5 survivors (5120K)
 Metaspace       used 71571K, committed 73792K, reserved 491520K
  class space    used 10576K, committed 11648K, reserved 425984K
GC Heap History (20 events):
Event: 11.730 GC heap before
{Heap before GC invocations=12 (full 0):
 garbage-first heap   total 98304K, used 84434K [0x0000000080000000, 0x0000000100000000)
  region size 1024K, 51 young (52224K), 2 survivors (2048K)
 Metaspace       used 45278K, committed 47040K, reserved 491520K
  class space    used 6778K, committed 7616K, reserved 425984K
}
Event: 11.741 GC heap after
{Heap after GC invocations=13 (full 0):
 garbage-first heap   total 98304K, used 37071K [0x0000000080000000, 0x0000000100000000)
  region size 1024K, 5 young (5120K), 5 survivors (5120K)
 Metaspace       used 45278K, committed 47040K, reserved 491520K
  class space    used 6778K, committed 7616K, reserved 425984K
}
Event: 13.033 GC heap before
{Heap before GC invocations=13 (full 0):
 garbage-first heap   total 98304K, used 85199K [0x0000000080000000, 0x0000000100000000)
  region size 1024K, 52 young (53248K), 5 survivors (5120K)
 Metaspace       used 51266K, committed 53056K, reserved 491520K
  class space    used 7603K, committed 8448K, reserved 425984K
}
Event: 13.038 GC heap after
{Heap after GC invocations=14 (full 0):
 garbage-first heap   total 98304K, used 39913K [0x0000000080000000, 0x0000000100000000)
  region size 1024K, 6 young (6144K), 6 survivors (6144K)
 Metaspace       used 51266K, committed 53056K, reserved 491520K
  class space    used 7603K, committed 8448K, reserved 425984K
}
Event: 14.052 GC heap before
{Heap before GC invocations=14 (full 0):
 garbage-first heap   total 98304K, used 85993K [0x0000000080000000, 0x0000000100000000)
  region size 1024K, 51 young (52224K), 6 survivors (6144K)
 Metaspace       used 54193K, committed 56128K, reserved 491520K
  class space    used 8052K, committed 8960K, reserved 425984K
}
Event: 14.061 GC heap after
{Heap after GC invocations=15 (full 0):
 garbage-first heap   total 98304K, used 43406K [0x0000000080000000, 0x0000000100000000)
  region size 1024K, 7 young (7168K), 7 survivors (7168K)
 Metaspace       used 54193K, committed 56128K, reserved 491520K
  class space    used 8052K, committed 8960K, reserved 425984K
}
Event: 14.841 GC heap before
{Heap before GC invocations=15 (full 0):
 garbage-first heap   total 98304K, used 91534K [0x0000000080000000, 0x0000000100000000)
  region size 1024K, 49 young (50176K), 7 survivors (7168K)
 Metaspace       used 56569K, committed 58496K, reserved 491520K
  class space    used 8352K, committed 9280K, reserved 425984K
}
Event: 14.849 GC heap after
{Heap after GC invocations=16 (full 0):
 garbage-first heap   total 104448K, used 53005K [0x0000000080000000, 0x0000000100000000)
  region size 1024K, 6 young (6144K), 6 survivors (6144K)
 Metaspace       used 56569K, committed 58496K, reserved 491520K
  class space    used 8352K, committed 9280K, reserved 425984K
}
Event: 15.146 GC heap before
{Heap before GC invocations=16 (full 0):
 garbage-first heap   total 104448K, used 63245K [0x0000000080000000, 0x0000000100000000)
  region size 1024K, 17 young (17408K), 6 survivors (6144K)
 Metaspace       used 58291K, committed 60288K, reserved 491520K
  class space    used 8560K, committed 9536K, reserved 425984K
}
Event: 15.152 GC heap after
{Heap after GC invocations=17 (full 0):
 garbage-first heap   total 104448K, used 53638K [0x0000000080000000, 0x0000000100000000)
  region size 1024K, 1 young (1024K), 1 survivors (1024K)
 Metaspace       used 58291K, committed 60288K, reserved 491520K
  class space    used 8560K, committed 9536K, reserved 425984K
}
Event: 15.827 GC heap before
{Heap before GC invocations=18 (full 0):
 garbage-first heap   total 104448K, used 92550K [0x0000000080000000, 0x0000000100000000)
  region size 1024K, 39 young (39936K), 1 survivors (1024K)
 Metaspace       used 60832K, committed 62848K, reserved 491520K
  class space    used 8939K, committed 9920K, reserved 425984K
}
Event: 15.831 GC heap after
{Heap after GC invocations=19 (full 0):
 garbage-first heap   total 104448K, used 55356K [0x0000000080000000, 0x0000000100000000)
  region size 1024K, 3 young (3072K), 3 survivors (3072K)
 Metaspace       used 60832K, committed 62848K, reserved 491520K
  class space    used 8939K, committed 9920K, reserved 425984K
}
Event: 16.450 GC heap before
{Heap before GC invocations=19 (full 0):
 garbage-first heap   total 104448K, used 93244K [0x0000000080000000, 0x0000000100000000)
  region size 1024K, 40 young (40960K), 3 survivors (3072K)
 Metaspace       used 63972K, committed 66112K, reserved 491520K
  class space    used 9473K, committed 10496K, reserved 425984K
}
Event: 16.456 GC heap after
{Heap after GC invocations=20 (full 0):
 garbage-first heap   total 104448K, used 56226K [0x0000000080000000, 0x0000000100000000)
  region size 1024K, 4 young (4096K), 4 survivors (4096K)
 Metaspace       used 63972K, committed 66112K, reserved 491520K
  class space    used 9473K, committed 10496K, reserved 425984K
}
Event: 17.123 GC heap before
{Heap before GC invocations=20 (full 0):
 garbage-first heap   total 104448K, used 96162K [0x0000000080000000, 0x0000000100000000)
  region size 1024K, 43 young (44032K), 4 survivors (4096K)
 Metaspace       used 66256K, committed 68416K, reserved 491520K
  class space    used 9827K, committed 10880K, reserved 425984K
}
Event: 17.131 GC heap after
{Heap after GC invocations=21 (full 0):
 garbage-first heap   total 104448K, used 57500K [0x0000000080000000, 0x0000000100000000)
  region size 1024K, 3 young (3072K), 3 survivors (3072K)
 Metaspace       used 66256K, committed 68416K, reserved 491520K
  class space    used 9827K, committed 10880K, reserved 425984K
}
Event: 17.999 GC heap before
{Heap before GC invocations=22 (full 0):
 garbage-first heap   total 104448K, used 96412K [0x0000000080000000, 0x0000000100000000)
  region size 1024K, 41 young (41984K), 3 survivors (3072K)
 Metaspace       used 67945K, committed 70144K, reserved 491520K
  class space    used 10076K, committed 11136K, reserved 425984K
}
Event: 18.010 GC heap after
{Heap after GC invocations=23 (full 0):
 garbage-first heap   total 104448K, used 61866K [0x0000000080000000, 0x0000000100000000)
  region size 1024K, 6 young (6144K), 6 survivors (6144K)
 Metaspace       used 67945K, committed 70144K, reserved 491520K
  class space    used 10076K, committed 11136K, reserved 425984K
}
Event: 19.028 GC heap before
{Heap before GC invocations=23 (full 0):
 garbage-first heap   total 104448K, used 94634K [0x0000000080000000, 0x0000000100000000)
  region size 1024K, 38 young (38912K), 6 survivors (6144K)
 Metaspace       used 69540K, committed 71744K, reserved 491520K
  class space    used 10254K, committed 11328K, reserved 425984K
}
Event: 19.036 GC heap after
{Heap after GC invocations=24 (full 0):
 garbage-first heap   total 106496K, used 65164K [0x0000000080000000, 0x0000000100000000)
  region size 1024K, 5 young (5120K), 5 survivors (5120K)
 Metaspace       used 69540K, committed 71744K, reserved 491520K
  class space    used 10254K, committed 11328K, reserved 425984K
}

