# JRE version: OpenJDK Runtime Environment Microsoft-12574423 (17.0.17+10) (build 17.0.17+10-LTS)
# Java VM: OpenJDK 64-Bit Server VM Microsoft-12574423 (17.0.17+10-LTS, mixed mode, sharing, tiered, compressed oops, compressed class ptrs, g1 gc, windows-amd64)
GC Precious Log:
 CPUs: 8 total, 8 available
 Memory: 7928M
 Large Page Support: Disabled
 NUMA Support: Disabled
 Compressed Oops: Enabled (32-bit)
 Heap Region Size: 1M
 Heap Min Capacity: 8M
 Heap Initial Capacity: 124M
 Heap Max Capacity: 2G
 Pre-touch: Disabled
 Parallel Workers: 8
 Concurrent Workers: 2
 Concurrent Refinement Workers: 8
 Periodic GC: Disabled
Heap:
 garbage-first heap   total 130048K, used 66197K [0x0000000080000000, 0x0000000100000000)
  region size 1024K, 11 young (11264K), 3 survivors (3072K)
 Metaspace       used 59855K, committed 60800K, reserved 491520K
  class space    used 8495K, committed 8960K, reserved 425984K
GC Heap History (20 events):
Event: 11.221 GC heap before
{Heap before GC invocations=7 (full 0):
 garbage-first heap   total 86016K, used 27911K [0x0000000080000000, 0x0000000100000000)
  region size 1024K, 7 young (7168K), 6 survivors (6144K)
 Metaspace       used 27154K, committed 27584K, reserved 491520K
  class space    used 3834K, committed 4032K, reserved 425984K
}
Event: 11.229 GC heap after
{Heap after GC invocations=8 (full 0):
 garbage-first heap   total 86016K, used 27569K [0x0000000080000000, 0x0000000100000000)
  region size 1024K, 1 young (1024K), 1 survivors (1024K)
 Metaspace       used 27154K, committed 27584K, reserved 491520K
  class space    used 3834K, committed 4032K, reserved 425984K
}
Event: 12.777 GC heap before
{Heap before GC invocations=8 (full 0):
 garbage-first heap   total 86016K, used 63409K [0x0000000080000000, 0x0000000100000000)
  region size 1024K, 36 young (36864K), 1 survivors (1024K)
 Metaspace       used 31271K, committed 31680K, reserved 491520K
  class space    used 4451K, committed 4672K, reserved 425984K
}
Event: 12.782 GC heap after
{Heap after GC invocations=9 (full 0):
 garbage-first heap   total 86016K, used 28193K [0x0000000080000000, 0x0000000100000000)
  region size 1024K, 2 young (2048K), 2 survivors (2048K)
 Metaspace       used 31271K, committed 31680K, reserved 491520K
  class space    used 4451K, committed 4672K, reserved 425984K
}
Event: 14.646 GC heap before
{Heap before GC invocations=9 (full 0):
 garbage-first heap   total 86016K, used 55841K [0x0000000080000000, 0x0000000100000000)
  region size 1024K, 31 young (31744K), 2 survivors (2048K)
 Metaspace       used 35503K, committed 35968K, reserved 491520K
  class space    used 4947K, committed 5184K, reserved 425984K
}
Event: 14.655 GC heap after
{Heap after GC invocations=10 (full 0):
 garbage-first heap   total 86016K, used 31315K [0x0000000080000000, 0x0000000100000000)
  region size 1024K, 5 young (5120K), 5 survivors (5120K)
 Metaspace       used 35503K, committed 35968K, reserved 491520K
  class space    used 4947K, committed 5184K, reserved 425984K
}
Event: 16.645 GC heap before
{Heap before GC invocations=11 (full 0):
 garbage-first heap   total 86016K, used 65107K [0x0000000080000000, 0x0000000100000000)
  region size 1024K, 38 young (38912K), 5 survivors (5120K)
 Metaspace       used 38750K, committed 39360K, reserved 491520K
  class space    used 5439K, committed 5760K, reserved 425984K
}
Event: 16.659 GC heap after
{Heap after GC invocations=12 (full 0):
 garbage-first heap   total 130048K, used 35756K [0x0000000080000000, 0x0000000100000000)
  region size 1024K, 5 young (5120K), 5 survivors (5120K)
 Metaspace       used 38750K, committed 39360K, reserved 491520K
  class space    used 5439K, committed 5760K, reserved 425984K
}
Event: 16.739 GC heap before
{Heap before GC invocations=12 (full 0):
 garbage-first heap   total 130048K, used 35756K [0x0000000080000000, 0x0000000100000000)
  region size 1024K, 6 young (6144K), 5 survivors (5120K)
 Metaspace       used 38789K, committed 39552K, reserved 491520K
  class space    used 5441K, committed 5824K, reserved 425984K
}
Event: 16.748 GC heap after
{Heap after GC invocations=13 (full 0):
 garbage-first heap   total 130048K, used 36304K [0x0000000080000000, 0x0000000100000000)
  region size 1024K, 1 young (1024K), 1 survivors (1024K)
 Metaspace       used 38789K, committed 39552K, reserved 491520K
  class space    used 5441K, committed 5824K, reserved 425984K
}
Event: 18.947 GC heap before
{Heap before GC invocations=13 (full 0):
 garbage-first heap   total 130048K, used 99792K [0x0000000080000000, 0x0000000100000000)
  region size 1024K, 63 young (64512K), 1 survivors (1024K)
 Metaspace       used 42231K, committed 43008K, reserved 491520K
  class space    used 5999K, committed 6400K, reserved 425984K
}
Event: 18.954 GC heap after
{Heap after GC invocations=14 (full 0):
 garbage-first heap   total 130048K, used 37938K [0x0000000080000000, 0x0000000100000000)
  region size 1024K, 3 young (3072K), 3 survivors (3072K)
 Metaspace       used 42231K, committed 43008K, reserved 491520K
  class space    used 5999K, committed 6400K, reserved 425984K
}
Event: 20.586 GC heap before
{Heap before GC invocations=14 (full 0):
 garbage-first heap   total 130048K, used 101426K [0x0000000080000000, 0x0000000100000000)
  region size 1024K, 65 young (66560K), 3 survivors (3072K)
 Metaspace       used 48517K, committed 49344K, reserved 491520K
  class space    used 6936K, committed 7360K, reserved 425984K
}
Event: 20.593 GC heap after
{Heap after GC invocations=15 (full 0):
 garbage-first heap   total 130048K, used 40852K [0x0000000080000000, 0x0000000100000000)
  region size 1024K, 6 young (6144K), 6 survivors (6144K)
 Metaspace       used 48517K, committed 49344K, reserved 491520K
  class space    used 6936K, committed 7360K, reserved 425984K
}
Event: 22.135 GC heap before
{Heap before GC invocations=15 (full 0):
 garbage-first heap   total 130048K, used 102292K [0x0000000080000000, 0x0000000100000000)
  region size 1024K, 66 young (67584K), 6 survivors (6144K)
 Metaspace       used 53789K, committed 54656K, reserved 491520K
  class space    used 7730K, committed 8128K, reserved 425984K
}
Event: 22.145 GC heap after
{Heap after GC invocations=16 (full 0):
 garbage-first heap   total 130048K, used 45808K [0x0000000080000000, 0x0000000100000000)
  region size 1024K, 8 young (8192K), 8 survivors (8192K)
 Metaspace       used 53789K, committed 54656K, reserved 491520K
  class space    used 7730K, committed 8128K, reserved 425984K
}
Event: 24.219 GC heap before
{Heap before GC invocations=16 (full 0):
 garbage-first heap   total 130048K, used 108272K [0x0000000080000000, 0x0000000100000000)
  region size 1024K, 64 young (65536K), 8 survivors (8192K)
 Metaspace       used 55702K, committed 56640K, reserved 491520K
  class space    used 7935K, committed 8384K, reserved 425984K
}
Event: 24.230 GC heap after
{Heap after GC invocations=17 (full 0):
 garbage-first heap   total 130048K, used 56743K [0x0000000080000000, 0x0000000100000000)
  region size 1024K, 7 young (7168K), 7 survivors (7168K)
 Metaspace       used 55702K, committed 56640K, reserved 491520K
  class space    used 7935K, committed 8384K, reserved 425984K
}
Event: 25.279 GC heap before
{Heap before GC invocations=17 (full 0):
 garbage-first heap   total 130048K, used 99751K [0x0000000080000000, 0x0000000100000000)
  region size 1024K, 50 young (51200K), 7 survivors (7168K)
 Metaspace       used 59382K, committed 60288K, reserved 491520K
  class space    used 8428K, committed 8896K, reserved 425984K
}
Event: 25.285 GC heap after
{Heap after GC invocations=18 (full 0):
 garbage-first heap   total 130048K, used 59029K [0x0000000080000000, 0x0000000100000000)
  region size 1024K, 3 young (3072K), 3 survivors (3072K)
 Metaspace       used 59382K, committed 60288K, reserved 491520K
  class space    used 8428K, committed 8896K, reserved 425984K
}

