# JRE version: OpenJDK Runtime Environment Microsoft-12574423 (17.0.17+10) (build 17.0.17+10-LTS)
# Java VM: OpenJDK 64-Bit Server VM Microsoft-12574423 (17.0.17+10-LTS, mixed mode, sharing, tiered, compressed oops, compressed class ptrs, g1 gc, windows-amd64)
GC Precious Log:
 CPUs: 8 total, 8 available
 Memory: 7928M
 Large Page Support: Disabled
 NUMA Support: Disabled
 Compressed Oops: Enabled (32-bit)
 Heap Region Size: 1M
 Heap Min Capacity: 8M
 Heap Initial Capacity: 124M
 Heap Max Capacity: 2G
 Pre-touch: Disabled
 Parallel Workers: 8
 Concurrent Workers: 2
 Concurrent Refinement Workers: 8
 Periodic GC: Disabled
Heap:
 garbage-first heap   total 202752K, used 66852K [0x0000000080000000, 0x0000000100000000)
  region size 1024K, 8 young (8192K), 3 survivors (3072K)
 Metaspace       used 65604K, committed 66560K, reserved 491520K
  class space    used 9416K, committed 9856K, reserved 425984K
GC Heap History (20 events):
Event: 19.963 GC heap before
{Heap before GC invocations=15 (full 0):
 garbage-first heap   total 103424K, used 85072K [0x0000000080000000, 0x0000000100000000)
  region size 1024K, 43 young (44032K), 6 survivors (6144K)
 Metaspace       used 52775K, committed 53504K, reserved 491520K
  class space    used 7562K, committed 7872K, reserved 425984K
}
Event: 19.972 GC heap after
{Heap after GC invocations=16 (full 0):
 garbage-first heap   total 103424K, used 52002K [0x0000000080000000, 0x0000000100000000)
  region size 1024K, 5 young (5120K), 5 survivors (5120K)
 Metaspace       used 52775K, committed 53504K, reserved 491520K
  class space    used 7562K, committed 7872K, reserved 425984K
}
Event: 20.853 GC heap before
{Heap before GC invocations=16 (full 0):
 garbage-first heap   total 103424K, used 80674K [0x0000000080000000, 0x0000000100000000)
  region size 1024K, 33 young (33792K), 5 survivors (5120K)
 Metaspace       used 55660K, committed 56448K, reserved 491520K
  class space    used 7939K, committed 8320K, reserved 425984K
}
Event: 20.859 GC heap after
{Heap after GC invocations=17 (full 0):
 garbage-first heap   total 103424K, used 54026K [0x0000000080000000, 0x0000000100000000)
  region size 1024K, 2 young (2048K), 2 survivors (2048K)
 Metaspace       used 55660K, committed 56448K, reserved 491520K
  class space    used 7939K, committed 8320K, reserved 425984K
}
Event: 21.523 GC heap before
{Heap before GC invocations=18 (full 0):
 garbage-first heap   total 103424K, used 80650K [0x0000000080000000, 0x0000000100000000)
  region size 1024K, 29 young (29696K), 2 survivors (2048K)
 Metaspace       used 57396K, committed 58176K, reserved 491520K
  class space    used 8169K, committed 8512K, reserved 425984K
}
Event: 21.528 GC heap after
{Heap after GC invocations=19 (full 0):
 garbage-first heap   total 103424K, used 55208K [0x0000000080000000, 0x0000000100000000)
  region size 1024K, 3 young (3072K), 3 survivors (3072K)
 Metaspace       used 57396K, committed 58176K, reserved 491520K
  class space    used 8169K, committed 8512K, reserved 425984K
}
Event: 22.211 GC heap before
{Heap before GC invocations=19 (full 0):
 garbage-first heap   total 103424K, used 82856K [0x0000000080000000, 0x0000000100000000)
  region size 1024K, 30 young (30720K), 3 survivors (3072K)
 Metaspace       used 59537K, committed 60480K, reserved 491520K
  class space    used 8520K, committed 8960K, reserved 425984K
}
Event: 22.215 GC heap after
{Heap after GC invocations=20 (full 0):
 garbage-first heap   total 103424K, used 56109K [0x0000000080000000, 0x0000000100000000)
  region size 1024K, 3 young (3072K), 3 survivors (3072K)
 Metaspace       used 59537K, committed 60480K, reserved 491520K
  class space    used 8520K, committed 8960K, reserved 425984K
}
Event: 22.640 GC heap before
{Heap before GC invocations=21 (full 0):
 garbage-first heap   total 103424K, used 81709K [0x0000000080000000, 0x0000000100000000)
  region size 1024K, 29 young (29696K), 3 survivors (3072K)
 Metaspace       used 61160K, committed 62080K, reserved 491520K
  class space    used 8784K, committed 9216K, reserved 425984K
}
Event: 22.644 GC heap after
{Heap after GC invocations=22 (full 0):
 garbage-first heap   total 103424K, used 56782K [0x0000000080000000, 0x0000000100000000)
  region size 1024K, 2 young (2048K), 2 survivors (2048K)
 Metaspace       used 61160K, committed 62080K, reserved 491520K
  class space    used 8784K, committed 9216K, reserved 425984K
}
Event: 22.712 GC heap before
{Heap before GC invocations=22 (full 0):
 garbage-first heap   total 103424K, used 59854K [0x0000000080000000, 0x0000000100000000)
  region size 1024K, 5 young (5120K), 2 survivors (2048K)
 Metaspace       used 61323K, committed 62208K, reserved 491520K
  class space    used 8807K, committed 9216K, reserved 425984K
}
Event: 22.715 GC heap after
{Heap after GC invocations=23 (full 0):
 garbage-first heap   total 103424K, used 56954K [0x0000000080000000, 0x0000000100000000)
  region size 1024K, 1 young (1024K), 1 survivors (1024K)
 Metaspace       used 61323K, committed 62208K, reserved 491520K
  class space    used 8807K, committed 9216K, reserved 425984K
}
Event: 23.343 GC heap before
{Heap before GC invocations=23 (full 0):
 garbage-first heap   total 103424K, used 84602K [0x0000000080000000, 0x0000000100000000)
  region size 1024K, 28 young (28672K), 1 survivors (1024K)
 Metaspace       used 62903K, committed 63744K, reserved 491520K
  class space    used 9047K, committed 9472K, reserved 425984K
}
Event: 23.348 GC heap after
{Heap after GC invocations=24 (full 0):
 garbage-first heap   total 103424K, used 57837K [0x0000000080000000, 0x0000000100000000)
  region size 1024K, 2 young (2048K), 2 survivors (2048K)
 Metaspace       used 62903K, committed 63744K, reserved 491520K
  class space    used 9047K, committed 9472K, reserved 425984K
}
Event: 23.925 GC heap before
{Heap before GC invocations=25 (full 0):
 garbage-first heap   total 106496K, used 85485K [0x0000000080000000, 0x0000000100000000)
  region size 1024K, 29 young (29696K), 2 survivors (2048K)
 Metaspace       used 63736K, committed 64576K, reserved 491520K
  class space    used 9181K, committed 9600K, reserved 425984K
}
Event: 23.932 GC heap after
{Heap after GC invocations=26 (full 0):
 garbage-first heap   total 106496K, used 61243K [0x0000000080000000, 0x0000000100000000)
  region size 1024K, 4 young (4096K), 4 survivors (4096K)
 Metaspace       used 63736K, committed 64576K, reserved 491520K
  class space    used 9181K, committed 9600K, reserved 425984K
}
Event: 23.949 GC heap before
{Heap before GC invocations=26 (full 0):
 garbage-first heap   total 106496K, used 62267K [0x0000000080000000, 0x0000000100000000)
  region size 1024K, 5 young (5120K), 4 survivors (4096K)
 Metaspace       used 63740K, committed 64576K, reserved 491520K
  class space    used 9181K, committed 9600K, reserved 425984K
}
Event: 23.955 GC heap after
{Heap after GC invocations=27 (full 0):
 garbage-first heap   total 106496K, used 61124K [0x0000000080000000, 0x0000000100000000)
  region size 1024K, 1 young (1024K), 1 survivors (1024K)
 Metaspace       used 63740K, committed 64576K, reserved 491520K
  class space    used 9181K, committed 9600K, reserved 425984K
}
Event: 24.823 GC heap before
{Heap before GC invocations=27 (full 0):
 garbage-first heap   total 106496K, used 87748K [0x0000000080000000, 0x0000000100000000)
  region size 1024K, 27 young (27648K), 1 survivors (1024K)
 Metaspace       used 65489K, committed 66432K, reserved 491520K
  class space    used 9407K, committed 9856K, reserved 425984K
}
Event: 25.838 GC heap after
{Heap after GC invocations=28 (full 0):
 garbage-first heap   total 202752K, used 62756K [0x0000000080000000, 0x0000000100000000)
  region size 1024K, 3 young (3072K), 3 survivors (3072K)
 Metaspace       used 65489K, committed 66432K, reserved 491520K
  class space    used 9407K, committed 9856K, reserved 425984K
}

